  연락처메인.c
c:\users\skan0\onedrive\파일 입출력 연습\파일 입출력 연습\파일 입출력 연습\연락처메인.c(51): warning C4098: 'mainjuso': 'void' 함수에서 값을 반환하고 있습니다.
c:\users\skan0\onedrive\파일 입출력 연습\파일 입출력 연습\파일 입출력 연습\연락처메인.c(57): warning C4098: 'mainjuso': 'void' 함수에서 값을 반환하고 있습니다.
c:\users\skan0\onedrive\파일 입출력 연습\파일 입출력 연습\파일 입출력 연습\연락처메인.c(36): warning C4996: 'getche': The POSIX name for this item is deprecated. Instead, use the ISO C and C++ conformant name: _getche. See online help for details.
  c:\program files (x86)\windows kits\10\include\10.0.17134.0\ucrt\conio.h(456): note: 'getche' 선언을 참조하십시오.
c:\users\skan0\onedrive\파일 입출력 연습\파일 입출력 연습\파일 입출력 연습\연락처메인.c(68): warning C4996: 'fopen': This function or variable may be unsafe. Consider using fopen_s instead. To disable deprecation, use _CRT_SECURE_NO_WARNINGS. See online help for details.
  c:\program files (x86)\windows kits\10\include\10.0.17134.0\ucrt\stdio.h(208): note: 'fopen' 선언을 참조하십시오.
c:\users\skan0\onedrive\파일 입출력 연습\파일 입출력 연습\파일 입출력 연습\연락처메인.c(65): warning C4101: 'wfp' :참조되지 않은 지역 변수입니다.
c:\users\skan0\onedrive\파일 입출력 연습\파일 입출력 연습\파일 입출력 연습\연락처메인.c(117): warning C4013: 'gets'이(가) 정의되지 않았습니다. extern은 int형을 반환하는 것으로 간주합니다.
c:\users\skan0\onedrive\파일 입출력 연습\파일 입출력 연습\파일 입출력 연습\연락처메인.c(125): warning C4996: 'strcat': This function or variable may be unsafe. Consider using strcat_s instead. To disable deprecation, use _CRT_SECURE_NO_WARNINGS. See online help for details.
c:\users\skan0\onedrive\파일 입출력 연습\파일 입출력 연습\파일 입출력 연습\연락처메인.c(126): warning C4996: 'strcat': This function or variable may be unsafe. Consider using strcat_s instead. To disable deprecation, use _CRT_SECURE_NO_WARNINGS. See online help for details.
c:\users\skan0\onedrive\파일 입출력 연습\파일 입출력 연습\파일 입출력 연습\연락처메인.c(127): warning C4996: 'strcat': This function or variable may be unsafe. Consider using strcat_s instead. To disable deprecation, use _CRT_SECURE_NO_WARNINGS. See online help for details.
c:\users\skan0\onedrive\파일 입출력 연습\파일 입출력 연습\파일 입출력 연습\연락처메인.c(128): warning C4996: 'strcat': This function or variable may be unsafe. Consider using strcat_s instead. To disable deprecation, use _CRT_SECURE_NO_WARNINGS. See online help for details.
c:\users\skan0\onedrive\파일 입출력 연습\파일 입출력 연습\파일 입출력 연습\연락처메인.c(129): warning C4996: 'strcat': This function or variable may be unsafe. Consider using strcat_s instead. To disable deprecation, use _CRT_SECURE_NO_WARNINGS. See online help for details.
c:\users\skan0\onedrive\파일 입출력 연습\파일 입출력 연습\파일 입출력 연습\연락처메인.c(130): warning C4996: 'strcat': This function or variable may be unsafe. Consider using strcat_s instead. To disable deprecation, use _CRT_SECURE_NO_WARNINGS. See online help for details.
c:\users\skan0\onedrive\파일 입출력 연습\파일 입출력 연습\파일 입출력 연습\연락처메인.c(114): warning C4996: 'fopen': This function or variable may be unsafe. Consider using fopen_s instead. To disable deprecation, use _CRT_SECURE_NO_WARNINGS. See online help for details.
  c:\program files (x86)\windows kits\10\include\10.0.17134.0\ucrt\stdio.h(208): note: 'fopen' 선언을 참조하십시오.
c:\users\skan0\onedrive\파일 입출력 연습\파일 입출력 연습\파일 입출력 연습\연락처메인.c(158): warning C4129: ' ': 문자 이스케이프 시퀀스를 인식할 수 없습니다.
c:\users\skan0\onedrive\파일 입출력 연습\파일 입출력 연습\파일 입출력 연습\연락처메인.c(163): warning C4996: 'strcpy': This function or variable may be unsafe. Consider using strcpy_s instead. To disable deprecation, use _CRT_SECURE_NO_WARNINGS. See online help for details.
c:\users\skan0\onedrive\파일 입출력 연습\파일 입출력 연습\파일 입출력 연습\연락처메인.c(168): warning C4996: 'strcpy': This function or variable may be unsafe. Consider using strcpy_s instead. To disable deprecation, use _CRT_SECURE_NO_WARNINGS. See online help for details.
c:\users\skan0\onedrive\파일 입출력 연습\파일 입출력 연습\파일 입출력 연습\연락처메인.c(149): warning C4996: 'fopen': This function or variable may be unsafe. Consider using fopen_s instead. To disable deprecation, use _CRT_SECURE_NO_WARNINGS. See online help for details.
  c:\program files (x86)\windows kits\10\include\10.0.17134.0\ucrt\stdio.h(208): note: 'fopen' 선언을 참조하십시오.
c:\users\skan0\onedrive\파일 입출력 연습\파일 입출력 연습\파일 입출력 연습\연락처메인.c(159): warning C4996: 'scanf': This function or variable may be unsafe. Consider using scanf_s instead. To disable deprecation, use _CRT_SECURE_NO_WARNINGS. See online help for details.
  c:\program files (x86)\windows kits\10\include\10.0.17134.0\ucrt\stdio.h(1274): note: 'scanf' 선언을 참조하십시오.
c:\users\skan0\onedrive\파일 입출력 연습\파일 입출력 연습\파일 입출력 연습\연락처메인.c(182): warning C4996: 'fopen': This function or variable may be unsafe. Consider using fopen_s instead. To disable deprecation, use _CRT_SECURE_NO_WARNINGS. See online help for details.
  c:\program files (x86)\windows kits\10\include\10.0.17134.0\ucrt\stdio.h(208): note: 'fopen' 선언을 참조하십시오.
  코드를 생성하고 있습니다.
  4 of 17 functions (23.5%) were compiled, the rest were copied from previous compilation.
    0 functions were new in current compilation
    1 functions had inline decision re-evaluated but remain unchanged
  코드를 생성했습니다.
  파일 입출력 연습.vcxproj -> C:\Users\skan0\OneDrive\파일 입출력 연습\파일 입출력 연습\Release\파일 입출력 연습.exe
